<?xml version="1.0" encoding="UTF-8"?>
<!-- Generated by org.testng.reporters.JUnitReportReporter -->
<testsuite hostname="Mukesh" name="Testcases.DDT" tests="2" failures="0" timestamp="9 Jul 2016 16:26:16 GMT" time="9.870" errors="0">
  <testcase name="createAccount" time="4.295" classname="Testcases.DDT"/>
  <testcase name="createAccount" time="5.575" classname="Testcases.DDT"/>
</testsuite> <!-- Testcases.DDT -->
