<?xml version="1.0" encoding="UTF-8"?>
<!-- Generated by org.testng.reporters.JUnitReportReporter -->
<testsuite hostname="Mukesh" name="readExcel.ReadExcelFiles1" tests="1" failures="0" timestamp="2 Jul 2016 16:36:13 GMT" time="2.912" errors="0">
  <testcase name="readExcel" time="2.912" classname="readExcel.ReadExcelFiles1"/>
</testsuite> <!-- readExcel.ReadExcelFiles1 -->
