<?xml version="1.0" encoding="UTF-8"?>
<!-- Generated by org.testng.reporters.JUnitReportReporter -->
<testsuite hostname="Mukesh" name="readExcel.ReadExcel2" tests="1" failures="0" timestamp="2 Jul 2016 16:46:09 GMT" time="2.269" errors="0">
  <testcase name="readExcel" time="2.269" classname="readExcel.ReadExcel2"/>
</testsuite> <!-- readExcel.ReadExcel2 -->
