<?xml version="1.0" encoding="UTF-8"?>
<!-- Generated by org.testng.reporters.JUnitReportReporter -->
<testsuite hostname="Mukesh" name="configdataReadig.ReadConfigFile" tests="1" failures="0" timestamp="2 Jul 2016 17:08:58 GMT" time="0.040" errors="0">
  <testcase name="readConfig" time="0.040" classname="configdataReadig.ReadConfigFile"/>
</testsuite> <!-- configdataReadig.ReadConfigFile -->
