<?xml version="1.0" encoding="UTF-8"?>
<!-- Generated by org.testng.reporters.JUnitReportReporter -->
<testsuite hostname="Mukesh" name="readExcel.WriteExcel1" tests="1" failures="0" timestamp="2 Jul 2016 16:57:10 GMT" time="2.458" errors="0">
  <testcase name="readExcel" time="2.458" classname="readExcel.WriteExcel1"/>
</testsuite> <!-- readExcel.WriteExcel1 -->
