<?xml version="1.0" encoding="UTF-8"?>
<!-- Generated by org.testng.reporters.JUnitReportReporter -->
<testsuite hostname="Mukesh" name="configdataReadig.readDataConfig" tests="1" failures="0" timestamp="2 Jul 2016 17:17:51 GMT" time="0.098" errors="0">
  <testcase name="test1" time="0.098" classname="configdataReadig.readDataConfig"/>
</testsuite> <!-- configdataReadig.readDataConfig -->
