<?xml version="1.0" encoding="UTF-8"?>
<!-- Generated by org.testng.reporters.JUnitReportReporter -->
<testsuite hostname="Mukesh" name="Testcases.ReportDemo1" tests="1" failures="0" timestamp="16 Jul 2016 16:55:24 GMT" time="2.120" errors="0">
  <testcase name="test1" time="2.120" classname="Testcases.ReportDemo1"/>
</testsuite> <!-- Testcases.ReportDemo1 -->
