<?xml version="1.0" encoding="UTF-8"?>
<!-- Generated by org.testng.reporters.JUnitReportReporter -->
<testsuite hostname="Mukesh" name="Testcases.DDTWithExcel" tests="4" failures="0" timestamp="9 Jul 2016 16:42:18 GMT" time="21.825" errors="0">
  <testcase name="createAccount" time="6.039" classname="Testcases.DDTWithExcel"/>
  <testcase name="createAccount" time="3.884" classname="Testcases.DDTWithExcel"/>
  <testcase name="createAccount" time="5.829" classname="Testcases.DDTWithExcel"/>
  <testcase name="createAccount" time="6.073" classname="Testcases.DDTWithExcel"/>
</testsuite> <!-- Testcases.DDTWithExcel -->
