<?xml version="1.0" encoding="UTF-8"?>
<!-- Generated by org.testng.reporters.JUnitReportReporter -->
<testsuite hostname="Mukesh" name="Testcases.TestDemoqa" tests="2" failures="0" timestamp="16 Jul 2016 09:17:14 GMT" time="0.109" errors="0">
  <testcase name="test2" time="0.037" classname="Testcases.TestDemoqa"/>
  <testcase name="test1" time="0.072" classname="Testcases.TestDemoqa"/>
</testsuite> <!-- Testcases.TestDemoqa -->
