<?xml version="1.0" encoding="UTF-8"?>
<!-- Generated by org.testng.reporters.JUnitReportReporter -->
<testsuite hostname="Mukesh" name="readExcel.ReadExcelFiles" tests="1" failures="0" timestamp="2 Jul 2016 16:31:52 GMT" time="2.386" errors="0">
  <testcase name="readExcel" time="2.386" classname="readExcel.ReadExcelFiles"/>
</testsuite> <!-- readExcel.ReadExcelFiles -->
